2018-07-30 06:30:00 send 
{"msgtype":"link","link":{"text":"\u83ab\u627e\u501f\u53e3\u5931\u8d25\uff0c\u53ea\u627e\u7406\u7531\u6210\u529f\u3002(\u4e0d\u4e3a\u5931\u8d25\u627e\u7406\u7531\uff0c\u8981\u4e3a\u6210\u529f\u627e\u65b9\u6cd5) ","title":"2018-07-30\u3010\u661f\u671f\u4e00\u3011\u52a0\u73ed\u9910\u8ba2\u996d\u63d0\u9192","picUrl":"https:\/\/ss2.baidu.com\/6ONYsjip0QIZ8tyhnq\/it\/u=137601743,3755973576&fm=58&bpow=900&bpoh=500","messageUrl":"https:\/\/blackfish.jinshuju.com\/f\/53HDTq"},"isAtAll":true}
2018-07-30 06:30:00 respon 
{"errmsg":"ok","errcode":0}
2018-07-30 06:39:20 send 
{"msgtype":"link","link":{"text":"\u4e0d\u7ba1\u5fc3\u60c5\u5982\u4f55\uff0c\u4e0d\u8bba\u4eca\u5929\u8fc7\u5f97\u600e\u4e48\u6837\uff0c\u65e0\u8bba\u8eab\u5728\u4f55\u65b9\uff0c\u8bf7\u8bb0\u5f97\u2026\u5fae\u7b11\u3002\u4eba\u751f\u6ca1\u6709\u5f69\u6392\uff0c\u53ea\u6709\u73b0\u573a\u76f4\u64ad\uff0c\u6240\u4ee5\u6bcf\u4e00\u4ef6\u4e8b\u90fd\u8981\u52aa\u529b\u505a\u5f97\u6700\u597d! ","title":"2018-07-30\u3010\u661f\u671f\u4e00\u3011\u52a0\u73ed\u9910\u8ba2\u996d\u63d0\u9192","picUrl":"https:\/\/ss2.baidu.com\/6ONYsjip0QIZ8tyhnq\/it\/u=137601743,3755973576&fm=58&bpow=900&bpoh=500","messageUrl":"https:\/\/blackfish.jinshuju.com\/f\/53HDTq"},"isAtAll":true}
2018-07-30 06:39:20 respon 
{"errmsg":"ok","errcode":0}
2018-07-30 07:00:00 send 
{"msgtype":"link","link":{"text":"\u7537\u4eba\u53ef\u4ee5\u5fc3\u75db\uff0c\u4f46\u65e0\u9700\u6c89\u6ca6;\u7537\u4eba\u53ef\u4ee5\u9738\u6c14\uff0c\u4f46\u65e0\u9700\u9738\u9053;\u7537\u4eba\u53ef\u4ee5\u67d4\u60c5\uff0c\u4f46\u65e0\u9700\u7f20\u7ef5","title":"2018-07-30\u3010\u661f\u671f\u4e00\u3011\u52a0\u73ed\u9910\u8ba2\u996d\u63d0\u9192","picUrl":"https:\/\/ss2.baidu.com\/6ONYsjip0QIZ8tyhnq\/it\/u=137601743,3755973576&fm=58&bpow=900&bpoh=500","messageUrl":"https:\/\/blackfish.jinshuju.com\/f\/53HDTq"},"isAtAll":true}
2018-07-30 07:00:00 respon 
{"errmsg":"ok","errcode":0}
2018-07-30 07:50:00 send 
{"msgtype":"link","link":{"text":"\u7537\u4eba\u53ef\u4ee5\u5fc3\u75db\uff0c\u4f46\u65e0\u9700\u6c89\u6ca6;\u7537\u4eba\u53ef\u4ee5\u9738\u6c14\uff0c\u4f46\u65e0\u9700\u9738\u9053;\u7537\u4eba\u53ef\u4ee5\u67d4\u60c5\uff0c\u4f46\u65e0\u9700\u7f20\u7ef5","title":"2018-07-30\u3010\u661f\u671f\u4e00\u3011\u52a0\u73ed\u9910\u8ba2\u996d\u63d0\u9192","picUrl":"https:\/\/ss2.baidu.com\/6ONYsjip0QIZ8tyhnq\/it\/u=137601743,3755973576&fm=58&bpow=900&bpoh=500","messageUrl":"https:\/\/blackfish.jinshuju.com\/f\/53HDTq"},"isAtAll":true}
2018-07-30 07:50:00 respon 
{"errmsg":"ok","errcode":0}
2018-07-30 07:55:00 send 
{"msgtype":"link","link":{"text":"\u4e0d\u7ba1\u5fc3\u60c5\u5982\u4f55\uff0c\u4e0d\u8bba\u4eca\u5929\u8fc7\u5f97\u600e\u4e48\u6837\uff0c\u65e0\u8bba\u8eab\u5728\u4f55\u65b9\uff0c\u8bf7\u8bb0\u5f97\u2026\u5fae\u7b11\u3002\u4eba\u751f\u6ca1\u6709\u5f69\u6392\uff0c\u53ea\u6709\u73b0\u573a\u76f4\u64ad\uff0c\u6240\u4ee5\u6bcf\u4e00\u4ef6\u4e8b\u90fd\u8981\u52aa\u529b\u505a\u5f97\u6700\u597d! ","title":"2018-07-30\u3010\u661f\u671f\u4e00\u3011\u52a0\u73ed\u9910\u8ba2\u996d\u63d0\u9192","picUrl":"https:\/\/ss2.baidu.com\/6ONYsjip0QIZ8tyhnq\/it\/u=137601743,3755973576&fm=58&bpow=900&bpoh=500","messageUrl":"https:\/\/blackfish.jinshuju.com\/f\/53HDTq"},"isAtAll":true}
2018-07-30 07:55:00 respon 
{"errmsg":"ok","errcode":0}
2018-07-30 07:58:00 send 
{"msgtype":"link","link":{"text":"\u6628\u665a\u591a\u51e0\u5206\u949f\u7684\u51c6\u5907\uff0c\u4eca\u5929\u5c11\u51e0\u5c0f\u65f6\u7684\u9ebb\u70e6\u3002 ","title":"2018-07-30\u3010\u661f\u671f\u4e00\u3011\u52a0\u73ed\u9910\u8ba2\u996d\u63d0\u9192","picUrl":"https:\/\/ss2.baidu.com\/6ONYsjip0QIZ8tyhnq\/it\/u=137601743,3755973576&fm=58&bpow=900&bpoh=500","messageUrl":"https:\/\/blackfish.jinshuju.com\/f\/53HDTq"},"isAtAll":true}
2018-07-30 07:58:00 respon 
{"errmsg":"ok","errcode":0}
2018-07-30 07:58:40 send 
{"msgtype":"link","link":{"text":"\u6628\u665a\u591a\u51e0\u5206\u949f\u7684\u51c6\u5907\uff0c\u4eca\u5929\u5c11\u51e0\u5c0f\u65f6\u7684\u9ebb\u70e6\u3002 ","title":"2018-07-30\u3010\u661f\u671f\u4e00\u3011\u52a0\u73ed\u9910\u8ba2\u996d\u63d0\u9192","picUrl":"https:\/\/ss2.baidu.com\/6ONYsjip0QIZ8tyhnq\/it\/u=137601743,3755973576&fm=58&bpow=900&bpoh=500","messageUrl":"https:\/\/blackfish.jinshuju.com\/f\/53HDTq"},"isAtAll":true}
2018-07-30 07:58:40 respon 
{"errmsg":"ok","errcode":0}
2018-07-30 07:58:41 send 
{"msgtype":"link","link":{"text":"\u7537\u4eba\u53ef\u4ee5\u5fc3\u75db\uff0c\u4f46\u65e0\u9700\u6c89\u6ca6;\u7537\u4eba\u53ef\u4ee5\u9738\u6c14\uff0c\u4f46\u65e0\u9700\u9738\u9053;\u7537\u4eba\u53ef\u4ee5\u67d4\u60c5\uff0c\u4f46\u65e0\u9700\u7f20\u7ef5","title":"2018-07-30\u3010\u661f\u671f\u4e00\u3011\u52a0\u73ed\u9910\u8ba2\u996d\u63d0\u9192","picUrl":"https:\/\/ss2.baidu.com\/6ONYsjip0QIZ8tyhnq\/it\/u=137601743,3755973576&fm=58&bpow=900&bpoh=500","messageUrl":"https:\/\/blackfish.jinshuju.com\/f\/53HDTq"},"isAtAll":true}
2018-07-30 07:58:41 respon 
{"errmsg":"ok","errcode":0}
2018-07-30 07:58:42 send 
{"msgtype":"link","link":{"text":"\u7537\u4eba\u53ef\u4ee5\u5fc3\u75db\uff0c\u4f46\u65e0\u9700\u6c89\u6ca6;\u7537\u4eba\u53ef\u4ee5\u9738\u6c14\uff0c\u4f46\u65e0\u9700\u9738\u9053;\u7537\u4eba\u53ef\u4ee5\u67d4\u60c5\uff0c\u4f46\u65e0\u9700\u7f20\u7ef5","title":"2018-07-30\u3010\u661f\u671f\u4e00\u3011\u52a0\u73ed\u9910\u8ba2\u996d\u63d0\u9192","picUrl":"https:\/\/ss2.baidu.com\/6ONYsjip0QIZ8tyhnq\/it\/u=137601743,3755973576&fm=58&bpow=900&bpoh=500","messageUrl":"https:\/\/blackfish.jinshuju.com\/f\/53HDTq"},"isAtAll":true}
2018-07-30 07:58:42 respon 
{"errmsg":"ok","errcode":0}
2018-07-30 07:58:43 send 
{"msgtype":"link","link":{"text":"\u7537\u4eba\u53ef\u4ee5\u5fc3\u75db\uff0c\u4f46\u65e0\u9700\u6c89\u6ca6;\u7537\u4eba\u53ef\u4ee5\u9738\u6c14\uff0c\u4f46\u65e0\u9700\u9738\u9053;\u7537\u4eba\u53ef\u4ee5\u67d4\u60c5\uff0c\u4f46\u65e0\u9700\u7f20\u7ef5","title":"2018-07-30\u3010\u661f\u671f\u4e00\u3011\u52a0\u73ed\u9910\u8ba2\u996d\u63d0\u9192","picUrl":"https:\/\/ss2.baidu.com\/6ONYsjip0QIZ8tyhnq\/it\/u=137601743,3755973576&fm=58&bpow=900&bpoh=500","messageUrl":"https:\/\/blackfish.jinshuju.com\/f\/53HDTq"},"isAtAll":true}
2018-07-30 07:58:43 respon 
{"errmsg":"ok","errcode":0}
