2018-07-31 06:30:01 send 
{"msgtype":"link","link":{"text":"\u83ab\u627e\u501f\u53e3\u5931\u8d25\uff0c\u53ea\u627e\u7406\u7531\u6210\u529f\u3002(\u4e0d\u4e3a\u5931\u8d25\u627e\u7406\u7531\uff0c\u8981\u4e3a\u6210\u529f\u627e\u65b9\u6cd5) ","title":"2018-07-31\u3010\u661f\u671f\u4e8c\u3011\u52a0\u73ed\u9910\u8ba2\u996d\u63d0\u9192","picUrl":"https:\/\/ss2.baidu.com\/6ONYsjip0QIZ8tyhnq\/it\/u=137601743,3755973576&fm=58&bpow=900&bpoh=500","messageUrl":"https:\/\/blackfish.jinshuju.com\/f\/53HDTq"},"isAtAll":true}
2018-07-31 06:30:01 respon 
{"errmsg":"ok","errcode":0}
2018-07-31 07:00:00 send 
{"msgtype":"link","link":{"text":"\u7537\u4eba\u53ef\u4ee5\u5fc3\u75db\uff0c\u4f46\u65e0\u9700\u6c89\u6ca6;\u7537\u4eba\u53ef\u4ee5\u9738\u6c14\uff0c\u4f46\u65e0\u9700\u9738\u9053;\u7537\u4eba\u53ef\u4ee5\u67d4\u60c5\uff0c\u4f46\u65e0\u9700\u7f20\u7ef5","title":"2018-07-31\u3010\u661f\u671f\u4e8c\u3011\u52a0\u73ed\u9910\u8ba2\u996d\u63d0\u9192","picUrl":"https:\/\/ss2.baidu.com\/6ONYsjip0QIZ8tyhnq\/it\/u=137601743,3755973576&fm=58&bpow=900&bpoh=500","messageUrl":"https:\/\/blackfish.jinshuju.com\/f\/53HDTq"},"isAtAll":true}
2018-07-31 07:00:00 respon 
{"errmsg":"ok","errcode":0}
2018-07-31 07:50:00 send 
{"msgtype":"link","link":{"text":"\u7528\u5feb\u4e50\u53bb\u5954\u8dd1\uff0c\u7528\u5fc3\u53bb\u503e\u542c\uff0c\u7528\u601d\u7ef4\u53bb\u53d1\u5c55\uff0c\u7528\u52aa\u529b\u53bb\u594b\u6597\uff0c\u7528\u76ee\u6807\u53bb\u8861\u91cf\uff0c\u7528\u7231\u53bb\u751f\u6d3b\u3002","title":"2018-07-31\u3010\u661f\u671f\u4e8c\u3011\u52a0\u73ed\u9910\u8ba2\u996d\u63d0\u9192","picUrl":"https:\/\/ss2.baidu.com\/6ONYsjip0QIZ8tyhnq\/it\/u=137601743,3755973576&fm=58&bpow=900&bpoh=500","messageUrl":"https:\/\/blackfish.jinshuju.com\/f\/53HDTq"},"isAtAll":true}
2018-07-31 07:50:00 respon 
{"errmsg":"ok","errcode":0}
2018-07-31 07:50:49 send 
{"msgtype":"link","link":{"text":"\u7528\u5feb\u4e50\u53bb\u5954\u8dd1\uff0c\u7528\u5fc3\u53bb\u503e\u542c\uff0c\u7528\u601d\u7ef4\u53bb\u53d1\u5c55\uff0c\u7528\u52aa\u529b\u53bb\u594b\u6597\uff0c\u7528\u76ee\u6807\u53bb\u8861\u91cf\uff0c\u7528\u7231\u53bb\u751f\u6d3b\u3002","title":"2018-07-31\u3010\u661f\u671f\u4e8c\u3011\u52a0\u73ed\u9910\u8ba2\u996d\u63d0\u9192","picUrl":"https:\/\/ss2.baidu.com\/6ONYsjip0QIZ8tyhnq\/it\/u=137601743,3755973576&fm=58&bpow=900&bpoh=500","messageUrl":"https:\/\/blackfish.jinshuju.com\/f\/53HDTq"},"isAtAll":true}
2018-07-31 07:50:49 respon 
{"errmsg":"ok","errcode":0}
2018-07-31 07:55:00 send 
{"msgtype":"link","link":{"text":"\u7528\u5feb\u4e50\u53bb\u5954\u8dd1\uff0c\u7528\u5fc3\u53bb\u503e\u542c\uff0c\u7528\u601d\u7ef4\u53bb\u53d1\u5c55\uff0c\u7528\u52aa\u529b\u53bb\u594b\u6597\uff0c\u7528\u76ee\u6807\u53bb\u8861\u91cf\uff0c\u7528\u7231\u53bb\u751f\u6d3b\u3002","title":"2018-07-31\u3010\u661f\u671f\u4e8c\u3011\u52a0\u73ed\u9910\u8ba2\u996d\u63d0\u9192","picUrl":"https:\/\/ss2.baidu.com\/6ONYsjip0QIZ8tyhnq\/it\/u=137601743,3755973576&fm=58&bpow=900&bpoh=500","messageUrl":"https:\/\/blackfish.jinshuju.com\/f\/53HDTq"},"isAtAll":true}
2018-07-31 07:55:00 respon 
{"errmsg":"ok","errcode":0}
2018-07-31 07:58:00 send 
{"msgtype":"link","link":{"text":"\u76ee\u6807\u7684\u575a\u5b9a\u662f\u6027\u683c\u4e2d\u6700\u5fc5\u8981\u7684\u529b\u91cf\u6e90\u6cc9\u4e4b\u4e00\uff0c\u4e5f\u662f\u6210\u529f\u7684\u5229\u5668\u4e4b\u4e00\u3002\u6ca1\u6709\u5b83\uff0c\u5929\u624d\u4e5f\u4f1a\u5728\u77db\u76fe\u65e0\u5b9a\u7684\u8ff7\u5f84\u4e2d\u5f92\u52b3\u65e0\u529f\u3002","title":"2018-07-31\u3010\u661f\u671f\u4e8c\u3011\u52a0\u73ed\u9910\u8ba2\u996d\u63d0\u9192","picUrl":"https:\/\/ss2.baidu.com\/6ONYsjip0QIZ8tyhnq\/it\/u=137601743,3755973576&fm=58&bpow=900&bpoh=500","messageUrl":"https:\/\/blackfish.jinshuju.com\/f\/53HDTq"},"isAtAll":true}
2018-07-31 07:58:00 respon 
{"errmsg":"ok","errcode":0}
